<?xml version="1.0" encoding="UTF-8"?>
<!-- Generated by org.testng.reporters.JUnitReportReporter -->
<testsuite hostname="acer" failures="0" tests="1" name="in.boombolt.testCases.TC_Register" time="4.186" errors="0" timestamp="2025-03-23T11:06:31 IST" skipped="0">
  <testcase classname="in.boombolt.testCases.TC_Register" name="accountRegister" time="4.186"/>
</testsuite> <!-- in.boombolt.testCases.TC_Register -->
