<?xml version="1.0" encoding="UTF-8"?>
<!-- Generated by org.testng.reporters.JUnitReportReporter -->
<testsuite hostname="acer" failures="0" tests="1" name="in.boombolt.testCases.TC_Register" time="3.343" errors="0" timestamp="2025-03-23T13:22:41 IST" skipped="0">
  <testcase classname="in.boombolt.testCases.TC_Register" name="accountRegister" time="3.343"/>
</testsuite> <!-- in.boombolt.testCases.TC_Register -->
